<?xml version="1.0" encoding="UTF-8"?>
<testsuite xmlns:xsi="http://www.w3.org/2001/XMLSchema-instance" xsi:noNamespaceSchemaLocation="https://maven.apache.org/surefire/maven-surefire-plugin/xsd/surefire-test-report-3.0.xsd" version="3.0" name="com.schoolFllow.ddddTest" time="3.14" tests="2" errors="1" skipped="0" failures="0">
  <properties>
    <property name="java.specification.version" value="20"/>
    <property name="sun.cpu.isalist" value="amd64"/>
    <property name="sun.jnu.encoding" value="GBK"/>
    <property name="java.class.path" value="E:\SoftWareFile\Java\SpringBoot\SchoolFllowProject\target\test-classes;E:\SoftWareFile\Java\SpringBoot\SchoolFllowProject\target\classes;E:\SoftWare\MAVENrepository\repository\org\springframework\boot\spring-boot-starter-web\3.1.5\spring-boot-starter-web-3.1.5.jar;E:\SoftWare\MAVENrepository\repository\org\springframework\boot\spring-boot-starter\3.1.5\spring-boot-starter-3.1.5.jar;E:\SoftWare\MAVENrepository\repository\org\springframework\boot\spring-boot\3.1.5\spring-boot-3.1.5.jar;E:\SoftWare\MAVENrepository\repository\org\springframework\boot\spring-boot-starter-logging\3.1.5\spring-boot-starter-logging-3.1.5.jar;E:\SoftWare\MAVENrepository\repository\ch\qos\logback\logback-classic\1.4.11\logback-classic-1.4.11.jar;E:\SoftWare\MAVENrepository\repository\ch\qos\logback\logback-core\1.4.11\logback-core-1.4.11.jar;E:\SoftWare\MAVENrepository\repository\org\apache\logging\log4j\log4j-to-slf4j\2.20.0\log4j-to-slf4j-2.20.0.jar;E:\SoftWare\MAVENrepository\repository\org\apache\logging\log4j\log4j-api\2.20.0\log4j-api-2.20.0.jar;E:\SoftWare\MAVENrepository\repository\org\slf4j\jul-to-slf4j\2.0.9\jul-to-slf4j-2.0.9.jar;E:\SoftWare\MAVENrepository\repository\jakarta\annotation\jakarta.annotation-api\2.1.1\jakarta.annotation-api-2.1.1.jar;E:\SoftWare\MAVENrepository\repository\org\yaml\snakeyaml\1.33\snakeyaml-1.33.jar;E:\SoftWare\MAVENrepository\repository\org\springframework\boot\spring-boot-starter-json\3.1.5\spring-boot-starter-json-3.1.5.jar;E:\SoftWare\MAVENrepository\repository\com\fasterxml\jackson\datatype\jackson-datatype-jdk8\2.15.3\jackson-datatype-jdk8-2.15.3.jar;E:\SoftWare\MAVENrepository\repository\com\fasterxml\jackson\datatype\jackson-datatype-jsr310\2.15.3\jackson-datatype-jsr310-2.15.3.jar;E:\SoftWare\MAVENrepository\repository\com\fasterxml\jackson\module\jackson-module-parameter-names\2.15.3\jackson-module-parameter-names-2.15.3.jar;E:\SoftWare\MAVENrepository\repository\org\springframework\boot\spring-boot-starter-tomcat\3.1.5\spring-boot-starter-tomcat-3.1.5.jar;E:\SoftWare\MAVENrepository\repository\org\apache\tomcat\embed\tomcat-embed-core\10.1.15\tomcat-embed-core-10.1.15.jar;E:\SoftWare\MAVENrepository\repository\org\apache\tomcat\embed\tomcat-embed-el\10.1.15\tomcat-embed-el-10.1.15.jar;E:\SoftWare\MAVENrepository\repository\org\apache\tomcat\embed\tomcat-embed-websocket\10.1.15\tomcat-embed-websocket-10.1.15.jar;E:\SoftWare\MAVENrepository\repository\org\springframework\spring-web\6.0.13\spring-web-6.0.13.jar;E:\SoftWare\MAVENrepository\repository\org\springframework\spring-beans\6.0.13\spring-beans-6.0.13.jar;E:\SoftWare\MAVENrepository\repository\io\micrometer\micrometer-observation\1.11.5\micrometer-observation-1.11.5.jar;E:\SoftWare\MAVENrepository\repository\io\micrometer\micrometer-commons\1.11.5\micrometer-commons-1.11.5.jar;E:\SoftWare\MAVENrepository\repository\org\springframework\spring-webmvc\6.0.13\spring-webmvc-6.0.13.jar;E:\SoftWare\MAVENrepository\repository\org\springframework\spring-context\6.0.13\spring-context-6.0.13.jar;E:\SoftWare\MAVENrepository\repository\org\springframework\spring-expression\6.0.13\spring-expression-6.0.13.jar;E:\SoftWare\MAVENrepository\repository\org\springframework\boot\spring-boot-starter-security\3.1.5\spring-boot-starter-security-3.1.5.jar;E:\SoftWare\MAVENrepository\repository\org\springframework\spring-aop\6.0.13\spring-aop-6.0.13.jar;E:\SoftWare\MAVENrepository\repository\org\springframework\security\spring-security-config\6.1.5\spring-security-config-6.1.5.jar;E:\SoftWare\MAVENrepository\repository\org\springframework\security\spring-security-core\6.1.5\spring-security-core-6.1.5.jar;E:\SoftWare\MAVENrepository\repository\org\springframework\security\spring-security-crypto\6.1.5\spring-security-crypto-6.1.5.jar;E:\SoftWare\MAVENrepository\repository\org\springframework\security\spring-security-web\6.1.5\spring-security-web-6.1.5.jar;E:\SoftWare\MAVENrepository\repository\com\mysql\mysql-connector-j\8.0.33\mysql-connector-j-8.0.33.jar;E:\SoftWare\MAVENrepository\repository\com\baomidou\mybatis-plus-boot-starter\3.5.3.2\mybatis-plus-boot-starter-3.5.3.2.jar;E:\SoftWare\MAVENrepository\repository\com\baomidou\mybatis-plus\3.5.3.2\mybatis-plus-3.5.3.2.jar;E:\SoftWare\MAVENrepository\repository\com\baomidou\mybatis-plus-extension\3.5.3.2\mybatis-plus-extension-3.5.3.2.jar;E:\SoftWare\MAVENrepository\repository\com\baomidou\mybatis-plus-core\3.5.3.2\mybatis-plus-core-3.5.3.2.jar;E:\SoftWare\MAVENrepository\repository\com\baomidou\mybatis-plus-annotation\3.5.3.2\mybatis-plus-annotation-3.5.3.2.jar;E:\SoftWare\MAVENrepository\repository\com\github\jsqlparser\jsqlparser\4.6\jsqlparser-4.6.jar;E:\SoftWare\MAVENrepository\repository\org\mybatis\mybatis\3.5.13\mybatis-3.5.13.jar;E:\SoftWare\MAVENrepository\repository\org\mybatis\mybatis-spring\2.1.1\mybatis-spring-2.1.1.jar;E:\SoftWare\MAVENrepository\repository\org\springframework\boot\spring-boot-autoconfigure\3.1.5\spring-boot-autoconfigure-3.1.5.jar;E:\SoftWare\MAVENrepository\repository\org\springframework\boot\spring-boot-starter-jdbc\3.1.5\spring-boot-starter-jdbc-3.1.5.jar;E:\SoftWare\MAVENrepository\repository\com\zaxxer\HikariCP\5.0.1\HikariCP-5.0.1.jar;E:\SoftWare\MAVENrepository\repository\org\springframework\spring-jdbc\6.0.13\spring-jdbc-6.0.13.jar;E:\SoftWare\MAVENrepository\repository\org\springframework\spring-tx\6.0.13\spring-tx-6.0.13.jar;E:\SoftWare\MAVENrepository\repository\org\projectlombok\lombok\1.18.30\lombok-1.18.30.jar;E:\SoftWare\MAVENrepository\repository\io\jsonwebtoken\jjwt\0.9.1\jjwt-0.9.1.jar;E:\SoftWare\MAVENrepository\repository\javax\xml\bind\jaxb-api\2.3.1\jaxb-api-2.3.1.jar;E:\SoftWare\MAVENrepository\repository\javax\activation\javax.activation-api\1.2.0\javax.activation-api-1.2.0.jar;E:\SoftWare\MAVENrepository\repository\org\springframework\boot\spring-boot-starter-test\3.1.5\spring-boot-starter-test-3.1.5.jar;E:\SoftWare\MAVENrepository\repository\org\springframework\boot\spring-boot-test\3.1.5\spring-boot-test-3.1.5.jar;E:\SoftWare\MAVENrepository\repository\org\springframework\boot\spring-boot-test-autoconfigure\3.1.5\spring-boot-test-autoconfigure-3.1.5.jar;E:\SoftWare\MAVENrepository\repository\com\jayway\jsonpath\json-path\2.8.0\json-path-2.8.0.jar;E:\SoftWare\MAVENrepository\repository\org\slf4j\slf4j-api\2.0.9\slf4j-api-2.0.9.jar;E:\SoftWare\MAVENrepository\repository\jakarta\xml\bind\jakarta.xml.bind-api\4.0.1\jakarta.xml.bind-api-4.0.1.jar;E:\SoftWare\MAVENrepository\repository\jakarta\activation\jakarta.activation-api\2.1.2\jakarta.activation-api-2.1.2.jar;E:\SoftWare\MAVENrepository\repository\net\minidev\json-smart\2.4.11\json-smart-2.4.11.jar;E:\SoftWare\MAVENrepository\repository\net\minidev\accessors-smart\2.4.11\accessors-smart-2.4.11.jar;E:\SoftWare\MAVENrepository\repository\org\ow2\asm\asm\9.3\asm-9.3.jar;E:\SoftWare\MAVENrepository\repository\org\assertj\assertj-core\3.24.2\assertj-core-3.24.2.jar;E:\SoftWare\MAVENrepository\repository\net\bytebuddy\byte-buddy\1.14.9\byte-buddy-1.14.9.jar;E:\SoftWare\MAVENrepository\repository\org\hamcrest\hamcrest\2.2\hamcrest-2.2.jar;E:\SoftWare\MAVENrepository\repository\org\junit\jupiter\junit-jupiter\5.9.3\junit-jupiter-5.9.3.jar;E:\SoftWare\MAVENrepository\repository\org\junit\jupiter\junit-jupiter-api\5.9.3\junit-jupiter-api-5.9.3.jar;E:\SoftWare\MAVENrepository\repository\org\opentest4j\opentest4j\1.2.0\opentest4j-1.2.0.jar;E:\SoftWare\MAVENrepository\repository\org\junit\platform\junit-platform-commons\1.9.3\junit-platform-commons-1.9.3.jar;E:\SoftWare\MAVENrepository\repository\org\apiguardian\apiguardian-api\1.1.2\apiguardian-api-1.1.2.jar;E:\SoftWare\MAVENrepository\repository\org\junit\jupiter\junit-jupiter-params\5.9.3\junit-jupiter-params-5.9.3.jar;E:\SoftWare\MAVENrepository\repository\org\junit\jupiter\junit-jupiter-engine\5.9.3\junit-jupiter-engine-5.9.3.jar;E:\SoftWare\MAVENrepository\repository\org\junit\platform\junit-platform-engine\1.9.3\junit-platform-engine-1.9.3.jar;E:\SoftWare\MAVENrepository\repository\org\mockito\mockito-core\5.3.1\mockito-core-5.3.1.jar;E:\SoftWare\MAVENrepository\repository\net\bytebuddy\byte-buddy-agent\1.14.9\byte-buddy-agent-1.14.9.jar;E:\SoftWare\MAVENrepository\repository\org\objenesis\objenesis\3.3\objenesis-3.3.jar;E:\SoftWare\MAVENrepository\repository\org\mockito\mockito-junit-jupiter\5.3.1\mockito-junit-jupiter-5.3.1.jar;E:\SoftWare\MAVENrepository\repository\org\skyscreamer\jsonassert\1.5.1\jsonassert-1.5.1.jar;E:\SoftWare\MAVENrepository\repository\com\vaadin\external\google\android-json\0.0.20131108.vaadin1\android-json-0.0.20131108.vaadin1.jar;E:\SoftWare\MAVENrepository\repository\org\springframework\spring-core\6.0.13\spring-core-6.0.13.jar;E:\SoftWare\MAVENrepository\repository\org\springframework\spring-jcl\6.0.13\spring-jcl-6.0.13.jar;E:\SoftWare\MAVENrepository\repository\org\springframework\spring-test\6.0.13\spring-test-6.0.13.jar;E:\SoftWare\MAVENrepository\repository\org\xmlunit\xmlunit-core\2.9.1\xmlunit-core-2.9.1.jar;E:\SoftWare\MAVENrepository\repository\com\fasterxml\jackson\core\jackson-core\2.15.3\jackson-core-2.15.3.jar;E:\SoftWare\MAVENrepository\repository\com\fasterxml\jackson\core\jackson-databind\2.15.3\jackson-databind-2.15.3.jar;E:\SoftWare\MAVENrepository\repository\com\fasterxml\jackson\core\jackson-annotations\2.15.3\jackson-annotations-2.15.3.jar;"/>
    <property name="java.vm.vendor" value="Oracle Corporation"/>
    <property name="sun.arch.data.model" value="64"/>
    <property name="user.variant" value=""/>
    <property name="java.vendor.url" value="https://java.oracle.com/"/>
    <property name="user.timezone" value="Asia/Shanghai"/>
    <property name="os.name" value="Windows 11"/>
    <property name="java.vm.specification.version" value="20"/>
    <property name="sun.java.launcher" value="SUN_STANDARD"/>
    <property name="user.country" value="CN"/>
    <property name="sun.boot.library.path" value="C:\Users\heshijie\.jdks\openjdk-20.0.2\bin"/>
    <property name="sun.java.command" value="C:\Users\heshijie\AppData\Local\Temp\surefire15366968548597155470\surefirebooter-20231127230732078_3.jar C:\Users\heshijie\AppData\Local\Temp\surefire15366968548597155470 2023-11-27T23-07-25_162-jvmRun1 surefire-20231127230732078_1tmp surefire_0-20231127230732078_2tmp"/>
    <property name="jdk.debug" value="release"/>
    <property name="surefire.test.class.path" value="E:\SoftWareFile\Java\SpringBoot\SchoolFllowProject\target\test-classes;E:\SoftWareFile\Java\SpringBoot\SchoolFllowProject\target\classes;E:\SoftWare\MAVENrepository\repository\org\springframework\boot\spring-boot-starter-web\3.1.5\spring-boot-starter-web-3.1.5.jar;E:\SoftWare\MAVENrepository\repository\org\springframework\boot\spring-boot-starter\3.1.5\spring-boot-starter-3.1.5.jar;E:\SoftWare\MAVENrepository\repository\org\springframework\boot\spring-boot\3.1.5\spring-boot-3.1.5.jar;E:\SoftWare\MAVENrepository\repository\org\springframework\boot\spring-boot-starter-logging\3.1.5\spring-boot-starter-logging-3.1.5.jar;E:\SoftWare\MAVENrepository\repository\ch\qos\logback\logback-classic\1.4.11\logback-classic-1.4.11.jar;E:\SoftWare\MAVENrepository\repository\ch\qos\logback\logback-core\1.4.11\logback-core-1.4.11.jar;E:\SoftWare\MAVENrepository\repository\org\apache\logging\log4j\log4j-to-slf4j\2.20.0\log4j-to-slf4j-2.20.0.jar;E:\SoftWare\MAVENrepository\repository\org\apache\logging\log4j\log4j-api\2.20.0\log4j-api-2.20.0.jar;E:\SoftWare\MAVENrepository\repository\org\slf4j\jul-to-slf4j\2.0.9\jul-to-slf4j-2.0.9.jar;E:\SoftWare\MAVENrepository\repository\jakarta\annotation\jakarta.annotation-api\2.1.1\jakarta.annotation-api-2.1.1.jar;E:\SoftWare\MAVENrepository\repository\org\yaml\snakeyaml\1.33\snakeyaml-1.33.jar;E:\SoftWare\MAVENrepository\repository\org\springframework\boot\spring-boot-starter-json\3.1.5\spring-boot-starter-json-3.1.5.jar;E:\SoftWare\MAVENrepository\repository\com\fasterxml\jackson\datatype\jackson-datatype-jdk8\2.15.3\jackson-datatype-jdk8-2.15.3.jar;E:\SoftWare\MAVENrepository\repository\com\fasterxml\jackson\datatype\jackson-datatype-jsr310\2.15.3\jackson-datatype-jsr310-2.15.3.jar;E:\SoftWare\MAVENrepository\repository\com\fasterxml\jackson\module\jackson-module-parameter-names\2.15.3\jackson-module-parameter-names-2.15.3.jar;E:\SoftWare\MAVENrepository\repository\org\springframework\boot\spring-boot-starter-tomcat\3.1.5\spring-boot-starter-tomcat-3.1.5.jar;E:\SoftWare\MAVENrepository\repository\org\apache\tomcat\embed\tomcat-embed-core\10.1.15\tomcat-embed-core-10.1.15.jar;E:\SoftWare\MAVENrepository\repository\org\apache\tomcat\embed\tomcat-embed-el\10.1.15\tomcat-embed-el-10.1.15.jar;E:\SoftWare\MAVENrepository\repository\org\apache\tomcat\embed\tomcat-embed-websocket\10.1.15\tomcat-embed-websocket-10.1.15.jar;E:\SoftWare\MAVENrepository\repository\org\springframework\spring-web\6.0.13\spring-web-6.0.13.jar;E:\SoftWare\MAVENrepository\repository\org\springframework\spring-beans\6.0.13\spring-beans-6.0.13.jar;E:\SoftWare\MAVENrepository\repository\io\micrometer\micrometer-observation\1.11.5\micrometer-observation-1.11.5.jar;E:\SoftWare\MAVENrepository\repository\io\micrometer\micrometer-commons\1.11.5\micrometer-commons-1.11.5.jar;E:\SoftWare\MAVENrepository\repository\org\springframework\spring-webmvc\6.0.13\spring-webmvc-6.0.13.jar;E:\SoftWare\MAVENrepository\repository\org\springframework\spring-context\6.0.13\spring-context-6.0.13.jar;E:\SoftWare\MAVENrepository\repository\org\springframework\spring-expression\6.0.13\spring-expression-6.0.13.jar;E:\SoftWare\MAVENrepository\repository\org\springframework\boot\spring-boot-starter-security\3.1.5\spring-boot-starter-security-3.1.5.jar;E:\SoftWare\MAVENrepository\repository\org\springframework\spring-aop\6.0.13\spring-aop-6.0.13.jar;E:\SoftWare\MAVENrepository\repository\org\springframework\security\spring-security-config\6.1.5\spring-security-config-6.1.5.jar;E:\SoftWare\MAVENrepository\repository\org\springframework\security\spring-security-core\6.1.5\spring-security-core-6.1.5.jar;E:\SoftWare\MAVENrepository\repository\org\springframework\security\spring-security-crypto\6.1.5\spring-security-crypto-6.1.5.jar;E:\SoftWare\MAVENrepository\repository\org\springframework\security\spring-security-web\6.1.5\spring-security-web-6.1.5.jar;E:\SoftWare\MAVENrepository\repository\com\mysql\mysql-connector-j\8.0.33\mysql-connector-j-8.0.33.jar;E:\SoftWare\MAVENrepository\repository\com\baomidou\mybatis-plus-boot-starter\3.5.3.2\mybatis-plus-boot-starter-3.5.3.2.jar;E:\SoftWare\MAVENrepository\repository\com\baomidou\mybatis-plus\3.5.3.2\mybatis-plus-3.5.3.2.jar;E:\SoftWare\MAVENrepository\repository\com\baomidou\mybatis-plus-extension\3.5.3.2\mybatis-plus-extension-3.5.3.2.jar;E:\SoftWare\MAVENrepository\repository\com\baomidou\mybatis-plus-core\3.5.3.2\mybatis-plus-core-3.5.3.2.jar;E:\SoftWare\MAVENrepository\repository\com\baomidou\mybatis-plus-annotation\3.5.3.2\mybatis-plus-annotation-3.5.3.2.jar;E:\SoftWare\MAVENrepository\repository\com\github\jsqlparser\jsqlparser\4.6\jsqlparser-4.6.jar;E:\SoftWare\MAVENrepository\repository\org\mybatis\mybatis\3.5.13\mybatis-3.5.13.jar;E:\SoftWare\MAVENrepository\repository\org\mybatis\mybatis-spring\2.1.1\mybatis-spring-2.1.1.jar;E:\SoftWare\MAVENrepository\repository\org\springframework\boot\spring-boot-autoconfigure\3.1.5\spring-boot-autoconfigure-3.1.5.jar;E:\SoftWare\MAVENrepository\repository\org\springframework\boot\spring-boot-starter-jdbc\3.1.5\spring-boot-starter-jdbc-3.1.5.jar;E:\SoftWare\MAVENrepository\repository\com\zaxxer\HikariCP\5.0.1\HikariCP-5.0.1.jar;E:\SoftWare\MAVENrepository\repository\org\springframework\spring-jdbc\6.0.13\spring-jdbc-6.0.13.jar;E:\SoftWare\MAVENrepository\repository\org\springframework\spring-tx\6.0.13\spring-tx-6.0.13.jar;E:\SoftWare\MAVENrepository\repository\org\projectlombok\lombok\1.18.30\lombok-1.18.30.jar;E:\SoftWare\MAVENrepository\repository\io\jsonwebtoken\jjwt\0.9.1\jjwt-0.9.1.jar;E:\SoftWare\MAVENrepository\repository\javax\xml\bind\jaxb-api\2.3.1\jaxb-api-2.3.1.jar;E:\SoftWare\MAVENrepository\repository\javax\activation\javax.activation-api\1.2.0\javax.activation-api-1.2.0.jar;E:\SoftWare\MAVENrepository\repository\org\springframework\boot\spring-boot-starter-test\3.1.5\spring-boot-starter-test-3.1.5.jar;E:\SoftWare\MAVENrepository\repository\org\springframework\boot\spring-boot-test\3.1.5\spring-boot-test-3.1.5.jar;E:\SoftWare\MAVENrepository\repository\org\springframework\boot\spring-boot-test-autoconfigure\3.1.5\spring-boot-test-autoconfigure-3.1.5.jar;E:\SoftWare\MAVENrepository\repository\com\jayway\jsonpath\json-path\2.8.0\json-path-2.8.0.jar;E:\SoftWare\MAVENrepository\repository\org\slf4j\slf4j-api\2.0.9\slf4j-api-2.0.9.jar;E:\SoftWare\MAVENrepository\repository\jakarta\xml\bind\jakarta.xml.bind-api\4.0.1\jakarta.xml.bind-api-4.0.1.jar;E:\SoftWare\MAVENrepository\repository\jakarta\activation\jakarta.activation-api\2.1.2\jakarta.activation-api-2.1.2.jar;E:\SoftWare\MAVENrepository\repository\net\minidev\json-smart\2.4.11\json-smart-2.4.11.jar;E:\SoftWare\MAVENrepository\repository\net\minidev\accessors-smart\2.4.11\accessors-smart-2.4.11.jar;E:\SoftWare\MAVENrepository\repository\org\ow2\asm\asm\9.3\asm-9.3.jar;E:\SoftWare\MAVENrepository\repository\org\assertj\assertj-core\3.24.2\assertj-core-3.24.2.jar;E:\SoftWare\MAVENrepository\repository\net\bytebuddy\byte-buddy\1.14.9\byte-buddy-1.14.9.jar;E:\SoftWare\MAVENrepository\repository\org\hamcrest\hamcrest\2.2\hamcrest-2.2.jar;E:\SoftWare\MAVENrepository\repository\org\junit\jupiter\junit-jupiter\5.9.3\junit-jupiter-5.9.3.jar;E:\SoftWare\MAVENrepository\repository\org\junit\jupiter\junit-jupiter-api\5.9.3\junit-jupiter-api-5.9.3.jar;E:\SoftWare\MAVENrepository\repository\org\opentest4j\opentest4j\1.2.0\opentest4j-1.2.0.jar;E:\SoftWare\MAVENrepository\repository\org\junit\platform\junit-platform-commons\1.9.3\junit-platform-commons-1.9.3.jar;E:\SoftWare\MAVENrepository\repository\org\apiguardian\apiguardian-api\1.1.2\apiguardian-api-1.1.2.jar;E:\SoftWare\MAVENrepository\repository\org\junit\jupiter\junit-jupiter-params\5.9.3\junit-jupiter-params-5.9.3.jar;E:\SoftWare\MAVENrepository\repository\org\junit\jupiter\junit-jupiter-engine\5.9.3\junit-jupiter-engine-5.9.3.jar;E:\SoftWare\MAVENrepository\repository\org\junit\platform\junit-platform-engine\1.9.3\junit-platform-engine-1.9.3.jar;E:\SoftWare\MAVENrepository\repository\org\mockito\mockito-core\5.3.1\mockito-core-5.3.1.jar;E:\SoftWare\MAVENrepository\repository\net\bytebuddy\byte-buddy-agent\1.14.9\byte-buddy-agent-1.14.9.jar;E:\SoftWare\MAVENrepository\repository\org\objenesis\objenesis\3.3\objenesis-3.3.jar;E:\SoftWare\MAVENrepository\repository\org\mockito\mockito-junit-jupiter\5.3.1\mockito-junit-jupiter-5.3.1.jar;E:\SoftWare\MAVENrepository\repository\org\skyscreamer\jsonassert\1.5.1\jsonassert-1.5.1.jar;E:\SoftWare\MAVENrepository\repository\com\vaadin\external\google\android-json\0.0.20131108.vaadin1\android-json-0.0.20131108.vaadin1.jar;E:\SoftWare\MAVENrepository\repository\org\springframework\spring-core\6.0.13\spring-core-6.0.13.jar;E:\SoftWare\MAVENrepository\repository\org\springframework\spring-jcl\6.0.13\spring-jcl-6.0.13.jar;E:\SoftWare\MAVENrepository\repository\org\springframework\spring-test\6.0.13\spring-test-6.0.13.jar;E:\SoftWare\MAVENrepository\repository\org\xmlunit\xmlunit-core\2.9.1\xmlunit-core-2.9.1.jar;E:\SoftWare\MAVENrepository\repository\com\fasterxml\jackson\core\jackson-core\2.15.3\jackson-core-2.15.3.jar;E:\SoftWare\MAVENrepository\repository\com\fasterxml\jackson\core\jackson-databind\2.15.3\jackson-databind-2.15.3.jar;E:\SoftWare\MAVENrepository\repository\com\fasterxml\jackson\core\jackson-annotations\2.15.3\jackson-annotations-2.15.3.jar;"/>
    <property name="sun.cpu.endian" value="little"/>
    <property name="user.home" value="C:\Users\heshijie"/>
    <property name="user.language" value="zh"/>
    <property name="java.specification.vendor" value="Oracle Corporation"/>
    <property name="java.version.date" value="2023-07-18"/>
    <property name="java.home" value="C:\Users\heshijie\.jdks\openjdk-20.0.2"/>
    <property name="file.separator" value="\"/>
    <property name="basedir" value="E:\SoftWareFile\Java\SpringBoot\SchoolFllowProject"/>
    <property name="java.vm.compressedOopsMode" value="Zero based"/>
    <property name="line.separator" value="&#10;"/>
    <property name="java.vm.specification.vendor" value="Oracle Corporation"/>
    <property name="java.specification.name" value="Java Platform API Specification"/>
    <property name="FILE_LOG_CHARSET" value="UTF-8"/>
    <property name="java.awt.headless" value="true"/>
    <property name="surefire.real.class.path" value="C:\Users\heshijie\AppData\Local\Temp\surefire15366968548597155470\surefirebooter-20231127230732078_3.jar"/>
    <property name="user.script" value=""/>
    <property name="sun.management.compiler" value="HotSpot 64-Bit Tiered Compilers"/>
    <property name="java.runtime.version" value="20.0.2+9-78"/>
    <property name="user.name" value="heshijie"/>
    <property name="stdout.encoding" value="GBK"/>
    <property name="path.separator" value=";"/>
    <property name="os.version" value="10.0"/>
    <property name="java.runtime.name" value="OpenJDK Runtime Environment"/>
    <property name="file.encoding" value="UTF-8"/>
    <property name="java.vm.name" value="OpenJDK 64-Bit Server VM"/>
    <property name="localRepository" value="E:\SoftWare\MAVENrepository\repository"/>
    <property name="java.vendor.url.bug" value="https://bugreport.java.com/bugreport/"/>
    <property name="java.io.tmpdir" value="C:\Users\heshijie\AppData\Local\Temp\"/>
    <property name="idea.version" value="2023.2.1"/>
    <property name="java.version" value="20.0.2"/>
    <property name="user.dir" value="E:\SoftWareFile\Java\SpringBoot\SchoolFllowProject"/>
    <property name="os.arch" value="amd64"/>
    <property name="java.vm.specification.name" value="Java Virtual Machine Specification"/>
    <property name="PID" value="27340"/>
    <property name="sun.os.patch.level" value=""/>
    <property name="CONSOLE_LOG_CHARSET" value="UTF-8"/>
    <property name="native.encoding" value="GBK"/>
    <property name="java.library.path" value="C:\Users\heshijie\.jdks\openjdk-20.0.2\bin;C:\Windows\Sun\Java\bin;C:\Windows\system32;C:\Windows;C:\Program Files (x86)\Razer\ChromaBroadcast\bin;C:\Program Files\Razer\ChromaBroadcast\bin;E:\SoftWare\VMware workstation pro\bin\;E:\SoftWare\apache-tomcat-10.1.13-windows-x64\apache-tomcat-10.1.13\bin;E:\SoftWare\jdk-17.0.8\bin;％MAVEN_HOME％\bin;C;\Program Files\Common Files\Oracle\Java\javapath;C:\Windows\system32;C:\Windows;C:\Windows\System32\Wbem;C:\Windows\System32\WindowsPowerShell\v1.0\;C:\Windows\System32\OpenSSH\;C:\Program Files\NVIDIA Corporation\NVIDIA NvDLISR;C:\Program Files (x86)\NVIDIA Corporation\PhysX\Common;E:\SoftWare\nodejs\node_global;C:\Program Files\Git\cmd;E:\SoftWare\nodejs\node_global;E:\SoftWare\nodejs\;E:\computing\Xshell7\;E:\SoftWare\Python3\Scripts\;E:\SoftWare\Python3\;C:\Program Files\MySQL\MySQL Shell 8.0\bin\;C:\Users\heshijie\AppData\Local\Microsoft\WindowsApps;E:\SoftWare\WebStorm 2023.2\bin;E:\SoftWare\IntelliJ IDEA 2023.2.1\bin;E:\SoftWare\DataGrip 2023.2.1\bin;E:\SoftWare\PyCharm 2023.2.1\bin;E:\SoftWare\apache-maven-3.9.4\bin;C:\Users\heshijie\AppData\Roaming\npm;E:\SoftWare\Python3\Scripts\;E:\SoftWare\Python3\;C:\Program Files\MySQL\MySQL Shell 8.0\bin\;C:\Users\heshijie\AppData\Local\Microsoft\WindowsApps;E:\SoftWare\WebStorm 2023.2\bin;;E:\SoftWare\IntelliJ IDEA 2023.2.1\bin;;E:\SoftWare\DataGrip 2023.2.1\bin;;E:\SoftWare\PyCharm 2023.2.1\bin;;E:\SoftWare\apache-maven-3.9.4\bin;E:\SoftWare\nodejs\node_global;C:\Users\heshijie\AppData\Roaming\npm;E:\SoftWare\DevEco Studio\bin;;."/>
    <property name="java.vm.info" value="mixed mode, sharing"/>
    <property name="stderr.encoding" value="GBK"/>
    <property name="java.vendor" value="Oracle Corporation"/>
    <property name="java.vm.version" value="20.0.2+9-78"/>
    <property name="sun.io.unicode.encoding" value="UnicodeLittle"/>
    <property name="maven.repo.local" value="E:\SoftWare\MAVENrepository\repository"/>
    <property name="java.class.version" value="64.0"/>
  </properties>
  <testcase name="testJWT" classname="com.schoolFllow.ddddTest" time="0.728">
    <system-out><![CDATA[23:07:33.611 [main] INFO org.springframework.test.context.support.AnnotationConfigContextLoaderUtils -- Could not detect default configuration classes for test class [com.schoolFllow.ddddTest]: ddddTest does not declare any static, non-private, non-final, nested classes annotated with @Configuration.
23:07:33.681 [main] INFO org.springframework.boot.test.context.SpringBootTestContextBootstrapper -- Found @SpringBootConfiguration com.schoolFllow.schoolApplication for test class com.schoolFllow.ddddTest
   __
   )|     _________________________.------,_                  _
 _/o|_____/  ,_____________.__;__,__,__,__,_Y...:::---===````//
|==========\  ;  ;  ;  ;  ; \__,__\__,_____ --__,-.\(=~\(=)\((
           `-----------|__,__/__,__/__/  )=))~((   '-\=(\&(~\\\
                         \ ==== \          \\~~\\     \~~)[JW]\\
                         `| === |           ))~~\\     ```"""=,))
     AK47                 | === |           |'---')
                         / ==== /           `====='
                        ´------´
2023-11-27T23:07:33.992+08:00  INFO 27340 --- [           main] com.schoolFllow.ddddTest                 : Starting ddddTest using Java 20.0.2 with PID 27340 (started by heshijie in E:\SoftWareFile\Java\SpringBoot\SchoolFllowProject)
2023-11-27T23:07:33.995+08:00  INFO 27340 --- [           main] com.schoolFllow.ddddTest                 : No active profile set, falling back to 1 default profile: "default"
2023-11-27T23:07:34.414+08:00 DEBUG 27340 --- [           main] c.b.m.a.MybatisPlusAutoConfiguration     : Searching for mappers annotated with @Mapper
2023-11-27T23:07:34.414+08:00 DEBUG 27340 --- [           main] c.b.m.a.MybatisPlusAutoConfiguration     : Using auto-configuration base package 'com.schoolFllow'
Logging initialized using 'class org.apache.ibatis.logging.stdout.StdOutImpl' adapter.
Parsed mapper file: 'file [E:\SoftWareFile\Java\SpringBoot\SchoolFllowProject\target\classes\mapper\ActivityMapper.xml]'
Parsed mapper file: 'file [E:\SoftWareFile\Java\SpringBoot\SchoolFllowProject\target\classes\mapper\AlumniMapper.xml]'
Parsed mapper file: 'file [E:\SoftWareFile\Java\SpringBoot\SchoolFllowProject\target\classes\mapper\FunctionMapper.xml]'
Parsed mapper file: 'file [E:\SoftWareFile\Java\SpringBoot\SchoolFllowProject\target\classes\mapper\IdentityMapper.xml]'
Parsed mapper file: 'file [E:\SoftWareFile\Java\SpringBoot\SchoolFllowProject\target\classes\mapper\UserMapper.xml]'
Initialization Sequence datacenterId:19 workerId:2
 _ _   |_  _ _|_. ___ _ |    _ 
| | |\/|_)(_| | |_\  |_)||_|_\ 
     /               |         
                        3.5.3.2 
2023-11-27T23:07:35.387+08:00  INFO 27340 --- [           main] o.s.s.web.DefaultSecurityFilterChain     : Will secure any request with [org.springframework.security.web.session.DisableEncodeUrlFilter@413d2cd1, org.springframework.security.web.context.request.async.WebAsyncManagerIntegrationFilter@644d1b61, org.springframework.security.web.context.SecurityContextHolderFilter@443a53df, org.springframework.security.web.header.HeaderWriterFilter@25a1a012, org.springframework.security.web.authentication.logout.LogoutFilter@5e0c4f21, org.springframework.security.web.savedrequest.RequestCacheAwareFilter@69aabcb0, org.springframework.security.web.servletapi.SecurityContextHolderAwareRequestFilter@5bf9ea6b, org.springframework.security.web.authentication.AnonymousAuthenticationFilter@2443135, org.springframework.security.web.access.ExceptionTranslationFilter@3434a4f0, org.springframework.security.web.access.intercept.AuthorizationFilter@15c6027d]
2023-11-27T23:07:35.794+08:00 DEBUG 27340 --- [           main] c.b.m.a.MybatisPlusAutoConfiguration     : Not found configuration for registering mapper bean using @MapperScan, MapperFactoryBean and MapperScannerConfigurer.
2023-11-27T23:07:35.875+08:00  INFO 27340 --- [           main] com.schoolFllow.ddddTest                 : Started ddddTest in 2.089 seconds (process running for 2.902)
eyJhbGciOiJIUzI1NiJ9.eyJwYXNzd29yZCI6IjQ1NiIsInByZW1zIjpbIjEyMyIsIjU2IiwiNzg5Il0sImlkIjo1NCwiZXhwIjoxNzAxMTA2NjU2LCJpYXQiOjE3MDEwOTc2NTZ9.2-pECxwgfMgt11r8UqD5rUPA7jsotyfu7JxymeH_AxU
]]></system-out>
  </testcase>
  <testcase name="testJET2" classname="com.schoolFllow.ddddTest" time="0.006">
    <error message="JWT String argument cannot be null or empty." type="java.lang.IllegalArgumentException"><![CDATA[java.lang.IllegalArgumentException: JWT String argument cannot be null or empty.
	at io.jsonwebtoken.lang.Assert.hasText(Assert.java:135)
	at io.jsonwebtoken.impl.DefaultJwtParser.parse(DefaultJwtParser.java:479)
	at io.jsonwebtoken.impl.DefaultJwtParser.parseClaimsJws(DefaultJwtParser.java:541)
	at com.schoolFllow.Web.JwtUtils.parseToken(JwtUtils.java:37)
	at com.schoolFllow.ddddTest.testJET2(ddddTest.java:25)
	at java.base/jdk.internal.reflect.DirectMethodHandleAccessor.invoke(DirectMethodHandleAccessor.java:104)
	at java.base/java.lang.reflect.Method.invoke(Method.java:578)
	at org.junit.platform.commons.util.ReflectionUtils.invokeMethod(ReflectionUtils.java:727)
	at org.junit.jupiter.engine.execution.MethodInvocation.proceed(MethodInvocation.java:60)
	at org.junit.jupiter.engine.execution.InvocationInterceptorChain$ValidatingInvocation.proceed(InvocationInterceptorChain.java:131)
	at org.junit.jupiter.engine.extension.TimeoutExtension.intercept(TimeoutExtension.java:156)
	at org.junit.jupiter.engine.extension.TimeoutExtension.interceptTestableMethod(TimeoutExtension.java:147)
	at org.junit.jupiter.engine.extension.TimeoutExtension.interceptTestMethod(TimeoutExtension.java:86)
	at org.junit.jupiter.engine.execution.InterceptingExecutableInvoker$ReflectiveInterceptorCall.lambda$ofVoidMethod$0(InterceptingExecutableInvoker.java:103)
	at org.junit.jupiter.engine.execution.InterceptingExecutableInvoker.lambda$invoke$0(InterceptingExecutableInvoker.java:93)
	at org.junit.jupiter.engine.execution.InvocationInterceptorChain$InterceptedInvocation.proceed(InvocationInterceptorChain.java:106)
	at org.junit.jupiter.engine.execution.InvocationInterceptorChain.proceed(InvocationInterceptorChain.java:64)
	at org.junit.jupiter.engine.execution.InvocationInterceptorChain.chainAndInvoke(InvocationInterceptorChain.java:45)
	at org.junit.jupiter.engine.execution.InvocationInterceptorChain.invoke(InvocationInterceptorChain.java:37)
	at org.junit.jupiter.engine.execution.InterceptingExecutableInvoker.invoke(InterceptingExecutableInvoker.java:92)
	at org.junit.jupiter.engine.execution.InterceptingExecutableInvoker.invoke(InterceptingExecutableInvoker.java:86)
	at org.junit.jupiter.engine.descriptor.TestMethodTestDescriptor.lambda$invokeTestMethod$7(TestMethodTestDescriptor.java:217)
	at org.junit.platform.engine.support.hierarchical.ThrowableCollector.execute(ThrowableCollector.java:73)
	at org.junit.jupiter.engine.descriptor.TestMethodTestDescriptor.invokeTestMethod(TestMethodTestDescriptor.java:213)
	at org.junit.jupiter.engine.descriptor.TestMethodTestDescriptor.execute(TestMethodTestDescriptor.java:138)
	at org.junit.jupiter.engine.descriptor.TestMethodTestDescriptor.execute(TestMethodTestDescriptor.java:68)
	at org.junit.platform.engine.support.hierarchical.NodeTestTask.lambda$executeRecursively$6(NodeTestTask.java:151)
	at org.junit.platform.engine.support.hierarchical.ThrowableCollector.execute(ThrowableCollector.java:73)
	at org.junit.platform.engine.support.hierarchical.NodeTestTask.lambda$executeRecursively$8(NodeTestTask.java:141)
	at org.junit.platform.engine.support.hierarchical.Node.around(Node.java:137)
	at org.junit.platform.engine.support.hierarchical.NodeTestTask.lambda$executeRecursively$9(NodeTestTask.java:139)
	at org.junit.platform.engine.support.hierarchical.ThrowableCollector.execute(ThrowableCollector.java:73)
	at org.junit.platform.engine.support.hierarchical.NodeTestTask.executeRecursively(NodeTestTask.java:138)
	at org.junit.platform.engine.support.hierarchical.NodeTestTask.execute(NodeTestTask.java:95)
	at java.base/java.util.ArrayList.forEach(ArrayList.java:1511)
	at org.junit.platform.engine.support.hierarchical.SameThreadHierarchicalTestExecutorService.invokeAll(SameThreadHierarchicalTestExecutorService.java:41)
	at org.junit.platform.engine.support.hierarchical.NodeTestTask.lambda$executeRecursively$6(NodeTestTask.java:155)
	at org.junit.platform.engine.support.hierarchical.ThrowableCollector.execute(ThrowableCollector.java:73)
	at org.junit.platform.engine.support.hierarchical.NodeTestTask.lambda$executeRecursively$8(NodeTestTask.java:141)
	at org.junit.platform.engine.support.hierarchical.Node.around(Node.java:137)
	at org.junit.platform.engine.support.hierarchical.NodeTestTask.lambda$executeRecursively$9(NodeTestTask.java:139)
	at org.junit.platform.engine.support.hierarchical.ThrowableCollector.execute(ThrowableCollector.java:73)
	at org.junit.platform.engine.support.hierarchical.NodeTestTask.executeRecursively(NodeTestTask.java:138)
	at org.junit.platform.engine.support.hierarchical.NodeTestTask.execute(NodeTestTask.java:95)
	at java.base/java.util.ArrayList.forEach(ArrayList.java:1511)
	at org.junit.platform.engine.support.hierarchical.SameThreadHierarchicalTestExecutorService.invokeAll(SameThreadHierarchicalTestExecutorService.java:41)
	at org.junit.platform.engine.support.hierarchical.NodeTestTask.lambda$executeRecursively$6(NodeTestTask.java:155)
	at org.junit.platform.engine.support.hierarchical.ThrowableCollector.execute(ThrowableCollector.java:73)
	at org.junit.platform.engine.support.hierarchical.NodeTestTask.lambda$executeRecursively$8(NodeTestTask.java:141)
	at org.junit.platform.engine.support.hierarchical.Node.around(Node.java:137)
	at org.junit.platform.engine.support.hierarchical.NodeTestTask.lambda$executeRecursively$9(NodeTestTask.java:139)
	at org.junit.platform.engine.support.hierarchical.ThrowableCollector.execute(ThrowableCollector.java:73)
	at org.junit.platform.engine.support.hierarchical.NodeTestTask.executeRecursively(NodeTestTask.java:138)
	at org.junit.platform.engine.support.hierarchical.NodeTestTask.execute(NodeTestTask.java:95)
	at org.junit.platform.engine.support.hierarchical.SameThreadHierarchicalTestExecutorService.submit(SameThreadHierarchicalTestExecutorService.java:35)
	at org.junit.platform.engine.support.hierarchical.HierarchicalTestExecutor.execute(HierarchicalTestExecutor.java:57)
	at org.junit.platform.engine.support.hierarchical.HierarchicalTestEngine.execute(HierarchicalTestEngine.java:54)
	at org.junit.platform.launcher.core.EngineExecutionOrchestrator.execute(EngineExecutionOrchestrator.java:147)
	at org.junit.platform.launcher.core.EngineExecutionOrchestrator.execute(EngineExecutionOrchestrator.java:127)
	at org.junit.platform.launcher.core.EngineExecutionOrchestrator.execute(EngineExecutionOrchestrator.java:90)
	at org.junit.platform.launcher.core.EngineExecutionOrchestrator.lambda$execute$0(EngineExecutionOrchestrator.java:55)
	at org.junit.platform.launcher.core.EngineExecutionOrchestrator.withInterceptedStreams(EngineExecutionOrchestrator.java:102)
	at org.junit.platform.launcher.core.EngineExecutionOrchestrator.execute(EngineExecutionOrchestrator.java:54)
	at org.junit.platform.launcher.core.DefaultLauncher.execute(DefaultLauncher.java:114)
	at org.junit.platform.launcher.core.DefaultLauncher.execute(DefaultLauncher.java:86)
	at org.junit.platform.launcher.core.DefaultLauncherSession$DelegatingLauncher.execute(DefaultLauncherSession.java:86)
	at org.apache.maven.surefire.junitplatform.LazyLauncher.execute(LazyLauncher.java:50)
	at org.apache.maven.surefire.junitplatform.JUnitPlatformProvider.execute(JUnitPlatformProvider.java:184)
	at org.apache.maven.surefire.junitplatform.JUnitPlatformProvider.invokeAllTests(JUnitPlatformProvider.java:148)
	at org.apache.maven.surefire.junitplatform.JUnitPlatformProvider.invoke(JUnitPlatformProvider.java:122)
	at org.apache.maven.surefire.booter.ForkedBooter.runSuitesInProcess(ForkedBooter.java:385)
	at org.apache.maven.surefire.booter.ForkedBooter.execute(ForkedBooter.java:162)
	at org.apache.maven.surefire.booter.ForkedBooter.run(ForkedBooter.java:507)
	at org.apache.maven.surefire.booter.ForkedBooter.main(ForkedBooter.java:495)
]]></error>
  </testcase>
</testsuite>